<?xml version="1.0" encoding="UTF-8"?>
<!-- Generated by org.testng.reporters.JUnitXMLReporter -->
<testsuite ignored="1" hostname="selva" failures="0" tests="7" name="Default test" time="63.621" errors="0" timestamp="31 Mar 2022 14:15:11 GMT">
  <testcase classname="com.amazon.stepdefinition.ShoesValidation" name="search" time="0.341"/>
  <testcase classname="com.amazon.stepdefinition.ShoesValidation" name="select" time="0.203"/>
  <testcase classname="com.amazon.stepdefinition.ShoesValidation" name="options" time="20.131"/>
  <testcase classname="com.amazon.stepdefinition.ShoesValidation" name="windows" time="0.602"/>
  <testcase classname="com.amazon.stepdefinition.ShoesValidation" name="scroll" time="18.245"/>
  <testcase classname="com.amazon.stepdefinition.ShoesValidation" name="size" time="1.347"/>
  <testcase classname="com.amazon.stepdefinition.ShoesValidation" name="scroll1" time="0.783"/>
  <testcase classname="com.amazon.stepdefinition.ShoesValidation" name="add" time="0.0">
    <ignored/>
  </testcase> <!-- add -->
</testsuite> <!-- Default test -->
