<?xml version="1.0" encoding="UTF-8"?>
<!-- Generated by org.testng.reporters.JUnitXMLReporter -->
<testsuite ignored="1" hostname="selva" failures="0" tests="2" name="Test" time="36.594" errors="0" timestamp="31 Mar 2022 14:17:12 GMT">
  <testcase classname="com.amazon.stepdefinition.ShoesValidation" name="search" time="0.61"/>
  <testcase classname="com.amazon.stepdefinition.DealsOfTheDayValidation" name="DealOfDay" time="4.822"/>
  <testcase classname="com.amazon.stepdefinition.ShoesValidation" name="add" time="0.0">
    <ignored/>
  </testcase> <!-- add -->
</testsuite> <!-- Test -->
